[INFO  Tue 14 Mar 2023 10:57:58 AM CET] ...e/nvim/lazy/mason.nvim/lua/mason-core/installer/init.lua:162: Executing installer for Package(name=rust-analyzer) version="latest"
[INFO  Tue 14 Mar 2023 10:58:04 AM CET] ...e/nvim/lazy/mason.nvim/lua/mason-core/installer/init.lua:162: Executing installer for Package(name=typescript-language-server) version="latest"
[ERROR Tue 14 Mar 2023 10:58:04 AM CET] ...e/nvim/lazy/mason.nvim/lua/mason-core/installer/init.lua:192: Installation failed for Package(name=typescript-language-server) error=spawn: npm failed with exit code - and signal -. npm is not executable
[ERROR Tue 14 Mar 2023 10:58:08 AM CET] ...e/nvim/lazy/mason.nvim/lua/mason-core/installer/init.lua:192: Installation failed for Package(name=rust-analyzer) error="Installation was aborted."
[INFO  Tue 14 Mar 2023 11:02:41 AM CET] ...e/nvim/lazy/mason.nvim/lua/mason-core/installer/init.lua:162: Executing installer for Package(name=rust-analyzer) version="latest"
[INFO  Tue 14 Mar 2023 11:02:44 AM CET] ...e/nvim/lazy/mason.nvim/lua/mason-core/installer/init.lua:162: Executing installer for Package(name=typescript-language-server) version="latest"
[INFO  Tue 14 Mar 2023 11:02:47 AM CET] ...e/nvim/lazy/mason.nvim/lua/mason-core/installer/init.lua:162: Executing installer for Package(name=css-lsp) version="latest"
[INFO  Tue 14 Mar 2023 11:02:51 AM CET] ...e/nvim/lazy/mason.nvim/lua/mason-core/installer/init.lua:162: Executing installer for Package(name=intelephense) version="latest"
[INFO  Tue 14 Mar 2023 11:03:03 AM CET] ...e/nvim/lazy/mason.nvim/lua/mason-core/installer/init.lua:162: Executing installer for Package(name=phpactor) version="latest"
[INFO  Tue 14 Mar 2023 11:03:03 AM CET] ...e/nvim/lazy/mason.nvim/lua/mason-core/installer/init.lua:185: Installation succeeded for Package(name=typescript-language-server)
[INFO  Tue 14 Mar 2023 11:03:06 AM CET] ...e/nvim/lazy/mason.nvim/lua/mason-core/installer/init.lua:162: Executing installer for Package(name=arduino-language-server) version="latest"
[INFO  Tue 14 Mar 2023 11:03:06 AM CET] ...e/nvim/lazy/mason.nvim/lua/mason-core/installer/init.lua:185: Installation succeeded for Package(name=css-lsp)
[INFO  Tue 14 Mar 2023 11:03:11 AM CET] ...e/nvim/lazy/mason.nvim/lua/mason-core/installer/init.lua:162: Executing installer for Package(name=clangd) version="latest"
[ERROR Tue 14 Mar 2023 11:03:11 AM CET] ...e/nvim/lazy/mason.nvim/lua/mason-core/installer/init.lua:192: Installation failed for Package(name=phpactor) error=spawn: composer failed with exit code - and signal -. composer is not executable
[INFO  Tue 14 Mar 2023 11:03:11 AM CET] ...e/nvim/lazy/mason.nvim/lua/mason-core/installer/init.lua:185: Installation succeeded for Package(name=intelephense)
[INFO  Tue 14 Mar 2023 11:03:14 AM CET] ...e/nvim/lazy/mason.nvim/lua/mason-core/installer/init.lua:162: Executing installer for Package(name=lua-language-server) version="latest"
[INFO  Tue 14 Mar 2023 11:03:18 AM CET] ...e/nvim/lazy/mason.nvim/lua/mason-core/installer/init.lua:185: Installation succeeded for Package(name=rust-analyzer)
[INFO  Tue 14 Mar 2023 11:03:21 AM CET] ...e/nvim/lazy/mason.nvim/lua/mason-core/installer/init.lua:185: Installation succeeded for Package(name=lua-language-server)
[INFO  Tue 14 Mar 2023 11:03:30 AM CET] ...e/nvim/lazy/mason.nvim/lua/mason-core/installer/init.lua:185: Installation succeeded for Package(name=arduino-language-server)
[ERROR Tue 14 Mar 2023 11:04:25 AM CET] ...e/nvim/lazy/mason.nvim/lua/mason-core/installer/init.lua:192: Installation failed for Package(name=clangd) error=spawn: unzip failed with exit code - and signal -. unzip is not executable
[INFO  Tue 14 Mar 2023 11:05:04 AM CET] ...e/nvim/lazy/mason.nvim/lua/mason-core/installer/init.lua:162: Executing installer for Package(name=phpactor) version="latest"
[INFO  Tue 14 Mar 2023 11:05:06 AM CET] ...e/nvim/lazy/mason.nvim/lua/mason-core/installer/init.lua:162: Executing installer for Package(name=clangd) version="latest"
[INFO  Tue 14 Mar 2023 11:05:11 AM CET] ...e/nvim/lazy/mason.nvim/lua/mason-core/installer/init.lua:185: Installation succeeded for Package(name=phpactor)
[INFO  Tue 14 Mar 2023 11:05:22 AM CET] ...e/nvim/lazy/mason.nvim/lua/mason-core/installer/init.lua:185: Installation succeeded for Package(name=clangd)
